[    0.000000] Linux version 4.15.0-118-generic (buildd@lgw01-amd64-039) (gcc version 7.5.0 (Ubuntu 7.5.0-3ubuntu1~18.04)) #119-Ubuntu SMP Tue Sep 8 12:30:01 UTC 2020 (Ubuntu 4.15.0-118.119-generic 4.15.18)
[    0.000000] Command line: BOOT_IMAGE=/boot/vmlinuz-4.15.0-118-generic root=UUID=9887b0d8-55e1-49d6-b28b-ed8492c1f834 ro console=tty1 console=ttyS0
[    0.000000] KERNEL supported cpus:
[    0.000000]   Intel GenuineIntel
[    0.000000]   AMD AuthenticAMD
[    0.000000]   Centaur CentaurHauls
[    0.000000] x86/fpu: Supporting XSAVE feature 0x001: 'x87 floating point registers'
[    0.000000] x86/fpu: Supporting XSAVE feature 0x002: 'SSE registers'
[    0.000000] x86/fpu: Supporting XSAVE feature 0x004: 'AVX registers'
[    0.000000] x86/fpu: xstate_offset[2]:  576, xstate_sizes[2]:  256
[    0.000000] x86/fpu: Enabled xstate features 0x7, context size is 832 bytes, using 'standard' format.
[    0.000000] e820: BIOS-provided physical RAM map:
[    0.000000] BIOS-e820: [mem 0x0000000000000000-0x000000000009fbff] usable
[    0.000000] BIOS-e820: [mem 0x000000000009fc00-0x000000000009ffff] reserved
[    0.000000] BIOS-e820: [mem 0x00000000000f0000-0x00000000000fffff] reserved
[    0.000000] BIOS-e820: [mem 0x0000000000100000-0x00000000dffeffff] usable
[    0.000000] BIOS-e820: [mem 0x00000000dfff0000-0x00000000dfffffff] ACPI data
[    0.000000] BIOS-e820: [mem 0x00000000fec00000-0x00000000fec00fff] reserved
[    0.000000] BIOS-e820: [mem 0x00000000fee00000-0x00000000fee00fff] reserved
[    0.000000] BIOS-e820: [mem 0x00000000fffc0000-0x00000000ffffffff] reserved
[    0.000000] BIOS-e820: [mem 0x0000000100000000-0x000000011fffffff] usable
[    0.000000] NX (Execute Disable) protection: active
[    0.000000] SMBIOS 2.5 present.
[    0.000000] DMI: innotek GmbH VirtualBox/VirtualBox, BIOS VirtualBox 12/01/2006
[    0.000000] Hypervisor detected: KVM
[    0.000000] e820: last_pfn = 0x120000 max_arch_pfn = 0x400000000
[    0.000000] MTRR: Disabled
[    0.000000] x86/PAT: MTRRs disabled, skipping PAT initialization too.
[    0.000000] CPU MTRRs all blank - virtualized system.
[    0.000000] x86/PAT: Configuration [0-7]: WB  WT  UC- UC  WB  WT  UC- UC  
[    0.000000] e820: last_pfn = 0xdfff0 max_arch_pfn = 0x400000000
[    0.000000] found SMP MP-table at [mem 0x0009fff0-0x0009ffff]
[    0.000000] Scanning 1 areas for low memory corruption
[    0.000000] RAMDISK: [mem 0x3595d000-0x36ca5fff]
[    0.000000] ACPI: Early table checksum verification disabled
[    0.000000] ACPI: RSDP 0x00000000000E0000 000024 (v02 VBOX  )
[    0.000000] ACPI: XSDT 0x00000000DFFF0030 00003C (v01 VBOX   VBOXXSDT 00000001 ASL  00000061)
[    0.000000] ACPI: FACP 0x00000000DFFF00F0 0000F4 (v04 VBOX   VBOXFACP 00000001 ASL  00000061)
[    0.000000] ACPI: DSDT 0x00000000DFFF0470 0022EA (v02 VBOX   VBOXBIOS 00000002 INTL 20100528)
[    0.000000] ACPI: FACS 0x00000000DFFF0200 000040
[    0.000000] ACPI: FACS 0x00000000DFFF0200 000040
[    0.000000] ACPI: APIC 0x00000000DFFF0240 00005C (v02 VBOX   VBOXAPIC 00000001 ASL  00000061)
[    0.000000] ACPI: SSDT 0x00000000DFFF02A0 0001CC (v01 VBOX   VBOXCPUT 00000002 INTL 20100528)
[    0.000000] No NUMA configuration found
[    0.000000] Faking a node at [mem 0x0000000000000000-0x000000011fffffff]
[    0.000000] NODE_DATA(0) allocated [mem 0x11ffd1000-0x11fffbfff]
[    0.000000] kvm-clock: cpu 0, msr 1:1ff50001, primary cpu clock
[    0.000000] kvm-clock: Using msrs 4b564d01 and 4b564d00
[    0.000000] kvm-clock: using sched offset of 5254014777 cycles
[    0.000000] clocksource: kvm-clock: mask: 0xffffffffffffffff max_cycles: 0x1cd42e4dffb, max_idle_ns: 881590591483 ns
[    0.000000] Zone ranges:
[    0.000000]   DMA      [mem 0x0000000000001000-0x0000000000ffffff]
[    0.000000]   DMA32    [mem 0x0000000001000000-0x00000000ffffffff]
[    0.000000]   Normal   [mem 0x0000000100000000-0x000000011fffffff]
[    0.000000]   Device   empty
[    0.000000] Movable zone start for each node
[    0.000000] Early memory node ranges
[    0.000000]   node   0: [mem 0x0000000000001000-0x000000000009efff]
[    0.000000]   node   0: [mem 0x0000000000100000-0x00000000dffeffff]
[    0.000000]   node   0: [mem 0x0000000100000000-0x000000011fffffff]
[    0.000000] Reserved but unavailable: 98 pages
[    0.000000] Initmem setup node 0 [mem 0x0000000000001000-0x000000011fffffff]
[    0.000000] ACPI: PM-Timer IO Port: 0x4008
[    0.000000] IOAPIC[0]: apic_id 2, version 32, address 0xfec00000, GSI 0-23
[    0.000000] ACPI: INT_SRC_OVR (bus 0 bus_irq 0 global_irq 2 dfl dfl)
[    0.000000] ACPI: INT_SRC_OVR (bus 0 bus_irq 9 global_irq 9 low level)
[    0.000000] Using ACPI (MADT) for SMP configuration information
[    0.000000] smpboot: Allowing 2 CPUs, 0 hotplug CPUs
[    0.000000] PM: Registered nosave memory: [mem 0x00000000-0x00000fff]
[    0.000000] PM: Registered nosave memory: [mem 0x0009f000-0x0009ffff]
[    0.000000] PM: Registered nosave memory: [mem 0x000a0000-0x000effff]
[    0.000000] PM: Registered nosave memory: [mem 0x000f0000-0x000fffff]
[    0.000000] PM: Registered nosave memory: [mem 0xdfff0000-0xdfffffff]
[    0.000000] PM: Registered nosave memory: [mem 0xe0000000-0xfebfffff]
[    0.000000] PM: Registered nosave memory: [mem 0xfec00000-0xfec00fff]
[    0.000000] PM: Registered nosave memory: [mem 0xfec01000-0xfedfffff]
[    0.000000] PM: Registered nosave memory: [mem 0xfee00000-0xfee00fff]
[    0.000000] PM: Registered nosave memory: [mem 0xfee01000-0xfffbffff]
[    0.000000] PM: Registered nosave memory: [mem 0xfffc0000-0xffffffff]
[    0.000000] e820: [mem 0xe0000000-0xfebfffff] available for PCI devices
[    0.000000] Booting paravirtualized kernel on KVM
[    0.000000] clocksource: refined-jiffies: mask: 0xffffffff max_cycles: 0xffffffff, max_idle_ns: 7645519600211568 ns
[    0.000000] random: get_random_bytes called from start_kernel+0x99/0x500 with crng_init=0
[    0.000000] setup_percpu: NR_CPUS:8192 nr_cpumask_bits:2 nr_cpu_ids:2 nr_node_ids:1
[    0.000000] percpu: Embedded 45 pages/cpu s147456 r8192 d28672 u1048576
[    0.000000] PV qspinlock hash table entries: 256 (order: 0, 4096 bytes)
[    0.000000] Built 1 zonelists, mobility grouping on.  Total pages: 1032057
[    0.000000] Policy zone: Normal
[    0.000000] Kernel command line: BOOT_IMAGE=/boot/vmlinuz-4.15.0-118-generic root=UUID=9887b0d8-55e1-49d6-b28b-ed8492c1f834 ro console=tty1 console=ttyS0
[    0.000000] Memory: 4013108K/4193848K available (12300K kernel code, 2482K rwdata, 4272K rodata, 2436K init, 2724K bss, 180740K reserved, 0K cma-reserved)
[    0.000000] SLUB: HWalign=64, Order=0-3, MinObjects=0, CPUs=2, Nodes=1
[    0.000000] Kernel/User page tables isolation: enabled
[    0.000000] ftrace: allocating 39396 entries in 154 pages
[    0.004000] Hierarchical RCU implementation.
[    0.004000] 	RCU restricting CPUs from NR_CPUS=8192 to nr_cpu_ids=2.
[    0.004000] 	Tasks RCU enabled.
[    0.004000] RCU: Adjusting geometry for rcu_fanout_leaf=16, nr_cpu_ids=2
[    0.004000] NR_IRQS: 524544, nr_irqs: 440, preallocated irqs: 16
[    0.004000] Console: colour VGA+ 80x25
[    0.004000] console [tty1] enabled
[    0.004000] console [ttyS0] enabled
[    0.004000] ACPI: Core revision 20170831
[    0.004000] ACPI: 2 ACPI AML tables successfully acquired and loaded
[    0.004000] APIC: Switch to symmetric I/O mode setup
[    0.004000] x2apic enabled
[    0.004000] Switched APIC routing to physical x2apic.
[    0.008000] ..TIMER: vector=0x30 apic1=0 pin1=2 apic2=-1 pin2=-1
[    0.008003] tsc: Detected 2593.996 MHz processor
[    0.012024] Calibrating delay loop (skipped) preset value.. 5187.99 BogoMIPS (lpj=10375984)
[    0.016004] pid_max: default: 32768 minimum: 301
[    0.017583] Security Framework initialized
[    0.018989] Yama: becoming mindful.
[    0.020000] AppArmor: AppArmor initialized
[    0.028316] Dentry cache hash table entries: 524288 (order: 10, 4194304 bytes)
[    0.036308] Inode-cache hash table entries: 262144 (order: 9, 2097152 bytes)
[    0.040048] Mount-cache hash table entries: 8192 (order: 4, 65536 bytes)
[    0.042136] Mountpoint-cache hash table entries: 8192 (order: 4, 65536 bytes)
[    0.044586] Last level iTLB entries: 4KB 64, 2MB 8, 4MB 8
[    0.048003] Last level dTLB entries: 4KB 64, 2MB 0, 4MB 0, 1GB 4
[    0.049879] Spectre V1 : Mitigation: usercopy/swapgs barriers and __user pointer sanitization
[    0.052004] Spectre V2 : Mitigation: Full generic retpoline
[    0.053769] Spectre V2 : Spectre v2 / SpectreRSB mitigation: Filling RSB on context switch
[    0.056002] Speculative Store Bypass: Vulnerable
[    0.057558] SRBDS: Unknown: Dependent on hypervisor status
[    0.060002] MDS: Vulnerable: Clear CPU buffers attempted, no microcode
[    0.062435] Freeing SMP alternatives memory: 36K
[    0.175827] smpboot: CPU0: Intel(R) Core(TM) i7-5600U CPU @ 2.60GHz (family: 0x6, model: 0x3d, stepping: 0x4)
[    0.176000] Performance Events: unsupported p6 CPU model 61 no PMU driver, software events only.
[    0.176048] Hierarchical SRCU implementation.
[    0.178349] NMI watchdog: Perf event create on CPU 0 failed with -2
[    0.180007] NMI watchdog: Perf NMI watchdog permanently disabled
[    0.184106] smp: Bringing up secondary CPUs ...
[    0.188132] x86: Booting SMP configuration:
[    0.192004] .... node  #0, CPUs:      #1
[    0.004000] kvm-clock: cpu 1, msr 1:1ff50041, secondary cpu clock
[    0.200234] smp: Brought up 1 node, 2 CPUs
[    0.201636] smpboot: Max logical packages: 1
[    0.203066] smpboot: Total of 2 processors activated (10375.98 BogoMIPS)
[    0.204272] devtmpfs: initialized
[    0.205298] x86/mm: Memory block size: 128MB
[    0.209048] evm: security.selinux
[    0.210253] evm: security.SMACK64
[    0.212009] evm: security.SMACK64EXEC
[    0.213385] evm: security.SMACK64TRANSMUTE
[    0.214750] evm: security.SMACK64MMAP
[    0.216003] evm: security.apparmor
[    0.217187] evm: security.ima
[    0.218251] evm: security.capability
[    0.220287] clocksource: jiffies: mask: 0xffffffff max_cycles: 0xffffffff, max_idle_ns: 7645041785100000 ns
[    0.224027] futex hash table entries: 512 (order: 3, 32768 bytes)
[    0.228097] pinctrl core: initialized pinctrl subsystem
[    0.230912] RTC time:  6:26:37, date: 10/03/20
[    0.232350] NET: Registered protocol family 16
[    0.234542] audit: initializing netlink subsys (disabled)
[    0.236046] audit: type=2000 audit(1601706405.034:1): state=initialized audit_enabled=0 res=1
[    0.240023] cpuidle: using governor ladder
[    0.241819] cpuidle: using governor menu
[    0.244156] ACPI: bus type PCI registered
[    0.246051] acpiphp: ACPI Hot Plug PCI Controller Driver version: 0.5
[    0.248254] PCI: Using configuration type 1 for base access
[    0.256901] HugeTLB registered 2.00 MiB page size, pre-allocated 0 pages
[    0.260235] ACPI: Added _OSI(Module Device)
[    0.262304] ACPI: Added _OSI(Processor Device)
[    0.264035] ACPI: Added _OSI(3.0 _SCP Extensions)
[    0.266101] ACPI: Added _OSI(Processor Aggregator Device)
[    0.268031] ACPI: Added _OSI(Linux-Dell-Video)
[    0.272008] ACPI: Added _OSI(Linux-Lenovo-NV-HDMI-Audio)
[    0.274289] ACPI: Added _OSI(Linux-HPI-Hybrid-Graphics)
[    0.276682] ACPI: Executed 1 blocks of module-level executable AML code
[    0.297032] ACPI: Interpreter enabled
[    0.298780] ACPI: (supports S0 S5)
[    0.300000] ACPI: Using IOAPIC for interrupt routing
[    0.304196] PCI: Using host bridge windows from ACPI; if necessary, use "pci=nocrs" and report a bug
[    0.308503] ACPI: Enabled 2 GPEs in block 00 to 07
[    0.333529] ACPI: PCI Root Bridge [PCI0] (domain 0000 [bus 00-ff])
[    0.336020] acpi PNP0A03:00: _OSC: OS supports [ASPM ClockPM Segments MSI]
[    0.341547] acpi PNP0A03:00: _OSC: not requesting OS control; OS requires [ExtendedConfig ASPM ClockPM MSI]
[    0.344038] acpi PNP0A03:00: fail to add MMCONFIG information, can't access extended PCI configuration space under this bridge.
[    0.348821] PCI host bridge to bus 0000:00
[    0.350376] pci_bus 0000:00: root bus resource [io  0x0000-0x0cf7 window]
[    0.352014] pci_bus 0000:00: root bus resource [io  0x0d00-0xffff window]
[    0.356014] pci_bus 0000:00: root bus resource [mem 0x000a0000-0x000bffff window]
[    0.360009] pci_bus 0000:00: root bus resource [mem 0xe0000000-0xfdffffff window]
[    0.363757] pci_bus 0000:00: root bus resource [bus 00-ff]
[    0.370239] pci 0000:00:01.1: legacy IDE quirk: reg 0x10: [io  0x01f0-0x01f7]
[    0.372000] pci 0000:00:01.1: legacy IDE quirk: reg 0x14: [io  0x03f6]
[    0.372009] pci 0000:00:01.1: legacy IDE quirk: reg 0x18: [io  0x0170-0x0177]
[    0.376008] pci 0000:00:01.1: legacy IDE quirk: reg 0x1c: [io  0x0376]
[    0.473747] pci 0000:00:07.0: quirk: [io  0x4000-0x403f] claimed by PIIX4 ACPI
[    0.476000] pci 0000:00:07.0: quirk: [io  0x4100-0x410f] claimed by PIIX4 SMB
[    0.541608] ACPI: PCI Interrupt Link [LNKA] (IRQs 5 9 10 *11)
[    0.544659] ACPI: PCI Interrupt Link [LNKB] (IRQs 5 9 *10 11)
[    0.546751] ACPI: PCI Interrupt Link [LNKC] (IRQs 5 *9 10 11)
[    0.548338] ACPI: PCI Interrupt Link [LNKD] (IRQs 5 9 10 *11)
[    0.550981] SCSI subsystem initialized
[    0.552065] pci 0000:00:02.0: vgaarb: setting as boot VGA device
[    0.554199] pci 0000:00:02.0: vgaarb: VGA device added: decodes=io+mem,owns=io+mem,locks=none
[    0.556008] pci 0000:00:02.0: vgaarb: bridge control possible
[    0.560004] vgaarb: loaded
[    0.561112] ACPI: bus type USB registered
[    0.562505] usbcore: registered new interface driver usbfs
[    0.564024] usbcore: registered new interface driver hub
[    0.565836] usbcore: registered new device driver usb
[    0.568046] EDAC MC: Ver: 3.0.0
[    0.569583] PCI: Using ACPI for IRQ routing
[    0.572361] NetLabel: Initializing
[    0.573558] NetLabel:  domain hash size = 128
[    0.575343] NetLabel:  protocols = UNLABELED CIPSOv4 CALIPSO
[    0.576030] NetLabel:  unlabeled traffic allowed by default
[    0.577834] clocksource: Switched to clocksource kvm-clock
[    0.635664] VFS: Disk quotas dquot_6.6.0
[    0.637177] VFS: Dquot-cache hash table entries: 512 (order 0, 4096 bytes)
[    0.639420] AppArmor: AppArmor Filesystem Enabled
[    0.641064] pnp: PnP ACPI init
[    0.644768] pnp: PnP ACPI: found 3 devices
[    0.658246] clocksource: acpi_pm: mask: 0xffffff max_cycles: 0xffffff, max_idle_ns: 2085701024 ns
[    0.662074] NET: Registered protocol family 2
[    0.663997] TCP established hash table entries: 32768 (order: 6, 262144 bytes)
[    0.666667] TCP bind hash table entries: 32768 (order: 7, 524288 bytes)
[    0.669590] TCP: Hash tables configured (established 32768 bind 32768)
[    0.671673] UDP hash table entries: 2048 (order: 4, 65536 bytes)
[    0.673643] UDP-Lite hash table entries: 2048 (order: 4, 65536 bytes)
[    0.675804] NET: Registered protocol family 1
[    0.677393] pci 0000:00:00.0: Limiting direct PCI/PCI transfers
[    0.679415] pci 0000:00:01.0: Activating ISA DMA hang workarounds
[    0.681469] pci 0000:00:02.0: Video device with shadowed ROM at [mem 0x000c0000-0x000dffff]
[    0.684674] Unpacking initramfs...
[    1.435384] Freeing initrd memory: 19748K
[    1.437855] PCI-DMA: Using software bounce buffering for IO (SWIOTLB)
[    1.440712] software IO TLB: mapped [mem 0xdbff0000-0xdfff0000] (64MB)
[    1.443939] clocksource: tsc: mask: 0xffffffffffffffff max_cycles: 0x2564143601c, max_idle_ns: 440795231101 ns
[    1.447460] platform rtc_cmos: registered platform RTC device (no PNP device found)
[    1.450875] Scanning for low memory corruption every 60 seconds
[    1.454094] Initialise system trusted keyrings
[    1.455888] Key type blacklist registered
[    1.457814] workingset: timestamp_bits=36 max_order=20 bucket_order=0
[    1.468800] zbud: loaded
[    1.471527] squashfs: version 4.0 (2009/01/31) Phillip Lougher
[    1.474641] fuse init (API version 7.26)
[    1.482847] Key type asymmetric registered
[    1.484896] Asymmetric key parser 'x509' registered
[    1.487564] Block layer SCSI generic (bsg) driver version 0.4 loaded (major 246)
[    1.491738] io scheduler noop registered
[    1.493819] io scheduler deadline registered
[    1.496106] io scheduler cfq registered (default)
[    1.498789] ACPI: AC Adapter [AC] (off-line)
[    1.501572] input: Power Button as /devices/LNXSYSTM:00/LNXPWRBN:00/input/input0
[    1.505146] ACPI: Power Button [PWRF]
[    1.506940] input: Sleep Button as /devices/LNXSYSTM:00/LNXSLPBN:00/input/input1
[    1.510234] ACPI: Sleep Button [SLPF]
[    1.514529] ACPI: Battery Slot [BAT0] (battery present)
[    1.516568] Serial: 8250/16550 driver, 32 ports, IRQ sharing enabled
[    1.541880] 00:02: ttyS0 at I/O 0x3f8 (irq = 4, base_baud = 115200) is a 16550A
[    1.549223] Linux agpgart interface v0.103
[    1.558658] loop: module loaded
[    1.561104] scsi host0: ata_piix
[    1.562560] scsi host1: ata_piix
[    1.563800] ata1: PATA max UDMA/33 cmd 0x1f0 ctl 0x3f6 bmdma 0xd000 irq 14
[    1.565954] ata2: PATA max UDMA/33 cmd 0x170 ctl 0x376 bmdma 0xd008 irq 15
[    1.569493] libphy: Fixed MDIO Bus: probed
[    1.571154] tun: Universal TUN/TAP device driver, 1.6
[    1.572962] PPP generic driver version 2.4.2
[    1.574479] ehci_hcd: USB 2.0 'Enhanced' Host Controller (EHCI) Driver
[    1.576496] ehci-pci: EHCI PCI platform driver
[    1.578020] ehci-platform: EHCI generic platform driver
[    1.579798] ohci_hcd: USB 1.1 'Open' Host Controller (OHCI) Driver
[    1.581788] ohci-pci: OHCI PCI platform driver
[    1.583657] ohci-platform: OHCI generic platform driver
[    1.586137] uhci_hcd: USB Universal Host Controller Interface driver
[    1.588308] i8042: PNP: PS/2 Controller [PNP0303:PS2K,PNP0f03:PS2M] at 0x60,0x64 irq 1,12
[    1.591851] serio: i8042 KBD port at 0x60,0x64 irq 1
[    1.593597] serio: i8042 AUX port at 0x60,0x64 irq 12
[    1.595411] mousedev: PS/2 mouse device common for all mice
[    1.597892] input: AT Translated Set 2 keyboard as /devices/platform/i8042/serio0/input/input2
[    1.602099] rtc_cmos rtc_cmos: rtc core: registered rtc_cmos as rtc0
[    1.604304] rtc_cmos rtc_cmos: alarms up to one day, 114 bytes nvram
[    1.606744] i2c /dev entries driver
[    1.608115] device-mapper: uevent: version 1.0.3
[    1.610005] device-mapper: ioctl: 4.37.0-ioctl (2017-09-20) initialised: dm-devel@redhat.com
[    1.612874] ledtrig-cpu: registered to indicate activity on CPUs
[    1.615888] NET: Registered protocol family 10
[    1.625283] Segment Routing with IPv6
[    1.626606] NET: Registered protocol family 17
[    1.628293] Key type dns_resolver registered
[    1.630228] mce: Using 0 MCE banks
[    1.631445] RAS: Correctable Errors collector initialized.
[    1.633875] sched_clock: Marking stable (1633832819, 0)->(3406854623, -1773021804)
[    1.637873] registered taskstats version 1
[    1.639237] Loading compiled-in X.509 certificates
[    1.644109] Loaded X.509 cert 'Build time autogenerated kernel key: 12f2d460e247d21dc5d156478bb7d4abc0f5a070'
[    1.647389] zswap: loaded using pool lzo/zbud
[    1.656449] Key type big_key registered
[    1.657905] Key type trusted registered
[    1.662420] Key type encrypted registered
[    1.663796] AppArmor: AppArmor sha1 policy hashing enabled
[    1.665643] ima: No TPM chip found, activating TPM-bypass! (rc=-19)
[    1.668679] ima: Allocated hash algorithm: sha1
[    1.670237] evm: HMAC attrs: 0x1
[    1.671875]   Magic number: 8:258:417
[    1.673406] rtc_cmos rtc_cmos: setting system clock to 2020-10-03 06:26:38 UTC (1601706398)
[    1.676522] BIOS EDD facility v0.16 2004-Jun-25, 0 devices found
[    1.678393] EDD information not available.
[    1.766829] Freeing unused kernel image memory: 2436K
[    1.776796] Write protecting the kernel read-only data: 20480k
[    1.788056] Freeing unused kernel image memory: 2008K
[    1.794862] Freeing unused kernel image memory: 1872K
[    2.049458] x86/mm: Checked W+X mappings: passed, no W+X pages found.
[    2.053154] x86/mm: Checking user space page tables
[    2.096344] x86/mm: Checked W+X mappings: passed, no W+X pages found.
Loading, please wait...
starting version 237
[    2.371805] e1000: Intel(R) PRO/1000 Network Driver - version 7.3.21-k8-NAPI
[    2.382504] e1000: Copyright (c) 1999-2006 Intel Corporation.
[    2.393154] Fusion MPT base driver 3.04.20
[    2.395644] Copyright (c) 1999-2008 LSI Corporation
[    2.436196] Fusion MPT SPI Host driver 3.04.20
[    2.453205] AVX2 version of gcm_enc/dec engaged.
[    2.455606] AES CTR mode by8 optimization enabled
[    2.463358] mptbase: ioc0: Initiating bringup
[    2.893115] input: ImExPS/2 Generic Explorer Mouse as /devices/platform/i8042/serio1/input/input4
[    2.897747] ioc0: LSI53C1030 A0: Capabilities={Initiator}
[    3.507036] scsi host2: ioc0: LSI53C1030 A0, FwRev=00000000h, Ports=1, MaxQ=256, IRQ=20
[    3.933811] scsi 2:0:0:0: Direct-Access     VBOX     HARDDISK         1.0  PQ: 0 ANSI: 5
[    3.990171] scsi target2:0:0: Beginning Domain Validation
[    4.004917] scsi target2:0:0: Domain Validation skipping write tests
[    4.015921] scsi target2:0:0: Ending Domain Validation
[    4.024323] scsi target2:0:0: asynchronous
[    4.037726] scsi 2:0:1:0: Direct-Access     VBOX     HARDDISK         1.0  PQ: 0 ANSI: 5
[    4.320128] scsi target2:0:1: Beginning Domain Validation
[    4.331802] random: fast init done
[    4.337897] scsi target2:0:1: Domain Validation skipping write tests
[    4.343680] scsi target2:0:1: Ending Domain Validation
[    4.349840] scsi target2:0:1: asynchronous
[    4.372925] random: systemd-udevd: uninitialized urandom read (16 bytes read)
[    4.379498] sd 2:0:0:0: Attached scsi generic sg0 type 0
[    4.385393] random: systemd-udevd: uninitialized urandom read (16 bytes read)
[    4.393312] sd 2:0:1:0: [sdb] 20480 512-byte logical blocks: (10.5 MB/10.0 MiB)
[    4.405344] sd 2:0:1:0: Attached scsi generic sg1 type 0
[    4.408501] sd 2:0:1:0: [sdb] Write Protect is off
[    4.411175] random: systemd-udevd: uninitialized urandom read (16 bytes read)
[    4.414560] sd 2:0:0:0: [sda] 20971520 512-byte logical blocks: (10.7 GB/10.0 GiB)
[    4.415906] sd 2:0:1:0: [sdb] Incomplete mode parameter data
[    4.422566] sd 2:0:1:0: [sdb] Assuming drive cache: write through
[    4.426667] sd 2:0:0:0: [sda] Write Protect is off
[    4.432130] sd 2:0:0:0: [sda] Incomplete mode parameter data
[    4.434750] sd 2:0:0:0: [sda] Assuming drive cache: write through
[    4.437575] sd 2:0:1:0: [sdb] Attached SCSI disk
[    4.441203]  sda: sda1
[    4.443725] sd 2:0:0:0: [sda] Attached SCSI disk
[    4.646430] e1000 0000:00:03.0 eth0: (PCI:33MHz:32-bit) 02:27:36:10:00:0e
[    4.655818] e1000 0000:00:03.0 eth0: Intel(R) PRO/1000 Network Connection
[    5.338573] e1000 0000:00:08.0 eth1: (PCI:33MHz:32-bit) 08:00:27:c3:7b:f0
[    5.341367] e1000 0000:00:08.0 eth1: Intel(R) PRO/1000 Network Connection
[    5.346435] e1000 0000:00:08.0 enp0s8: renamed from eth1
[    5.361467] e1000 0000:00:03.0 enp0s3: renamed from eth0
Begin: Loading essential drivers ... [    7.864335] raid6: sse2x1   gen()  2644 MB/s
[    7.912163] raid6: sse2x1   xor()  1737 MB/s
[    7.960061] raid6: sse2x2   gen()  6083 MB/s
[    8.008064] raid6: sse2x2   xor()  2641 MB/s
[    8.056059] raid6: sse2x4   gen()  6598 MB/s
[    8.104500] raid6: sse2x4   xor()  3795 MB/s
[    8.152531] raid6: avx2x1   gen()  5282 MB/s
[    8.200180] raid6: avx2x1   xor()  2938 MB/s
[    8.248046] raid6: avx2x2   gen()  9966 MB/s
[    8.296056] raid6: avx2x2   xor()  5632 MB/s
[    8.344079] raid6: avx2x4   gen() 11015 MB/s
[    8.392567] raid6: avx2x4   xor()  3430 MB/s
[    8.395570] raid6: using algorithm avx2x4 gen() 11015 MB/s
[    8.399364] raid6: .... xor() 3430 MB/s, rmw enabled
[    8.403017] raid6: using avx2x2 recovery algorithm
[    8.411208] xor: automatically using best checksumming function   avx       
[    8.420536] async_tx: api initialized (async)
done.
Begin: Running /scripts/init-premount ... done.
Begin: Mounting root file system ... Begin: Running /scripts/local-top ... done.
Begin: Running /scripts/local-premount ... [    8.578318] Btrfs loaded, crc32c=crc32c-intel
Scanning for Btrfs filesystems
done.
Warning: fsck not present, so skipping root file system
[    8.626332] EXT4-fs (sda1): INFO: recovery required on readonly filesystem
[    8.628721] EXT4-fs (sda1): write access will be enabled during recovery
[    8.949598] EXT4-fs (sda1): recovery complete
[    8.957718] EXT4-fs (sda1): mounted filesystem with ordered data mode. Opts: (null)
done.
Begin: Running /scripts/local-bottom ... done.
Begin: Running /scripts/init-bottom ... done.
[    9.507654] ip_tables: (C) 2000-2006 Netfilter Core Team
[    9.530694] systemd[1]: systemd 237 running in system mode. (+PAM +AUDIT +SELINUX +IMA +APPARMOR +SMACK +SYSVINIT +UTMP +LIBCRYPTSETUP +GCRYPT +GNUTLS +ACL +XZ +LZ4 +SECCOMP +BLKID +ELFUTILS +KMOD -IDN2 +IDN -PCRE2 default-hierarchy=hybrid)
[    9.545082] systemd[1]: Detected virtualization oracle.
[    9.548709] systemd[1]: Detected architecture x86-64.

Welcome to [1mUbuntu 18.04.4 LTS[0m!

[    9.567444] systemd[1]: Set hostname to <ubuntu-bionic>.
[    9.896417] random: crng init done
[    9.899530] random: 7 urandom warning(s) missed due to ratelimiting
[   10.357426] systemd[1]: Created slice User and Session Slice.
[[0;32m  OK  [0m] Created slice User and Session Slice.
[   10.362903] systemd[1]: Started Forward Password Requests to Wall Directory Watch.
[[0;32m  OK  [0m] Started Forward Password Requests to Wall Directory Watch.
[   10.370484] systemd[1]: Created slice System Slice.
[[0;32m  OK  [0m] Created slice System Slice.
[   10.375181] systemd[1]: Listening on udev Control Socket.
[[0;32m  OK  [0m] Listening on udev Control Socket.
[   10.380017] systemd[1]: Listening on Journal Socket.
[[0;32m  OK  [0m] Listening on Journal Socket.
[   10.392175] systemd[1]: Starting Set the console keyboard layout...
         Starting Set the console keyboard layout...
[[0;32m  OK  [0m] Listening on Journal Audit Socket.
[[0;32m  OK  [0m] Listening on LVM2 metadata daemon socket.
[[0;32m  OK  [0m] Reached target Slices.
[[0;32m  OK  [0m] Listening on LVM2 poll daemon socket.
[[0;32m  OK  [0m] Reached target System Time Synchronized.
         Starting Remount Root and Kernel File Systems...
[[0;32m  OK  [0m] Listening on /dev/initctl Compatibility Named Pipe.
[[0;32m  OK  [0m] Reached target User and Group Name Lookups.
[[0;32m  OK  [0m] Listening on udev Kernel Socket.
         Starting udev Coldplug all Devices...
         Mounting Huge Pages File System...
         Mounting Kernel Debug File System...
         Starting Create list of required st…ce nodes for the current kernel...
[[0;32m  OK  [0m] Listening on Syslog Socket.
[[0;32m  OK  [0m] Listening on Network Service Netlink Socket.
         Starting Uncomplicated firewall...
         Mounting POSIX Message Queue File System...
         Starting Load Kernel Modules...
[   10.472947] EXT4-fs (sda1): re-mounted. Opts: (null)
[[0;32m  OK  [0m] Listening on Journal Socket (/dev/log).
         Starting Journal Service...
[[0;32m  OK  [0m] Created slice system-serial\x2dgetty.slice.
[[0;32m  OK  [0m] Reached target Swap.
[[0;32m  OK  [0m] Listening on Device-mapper event daemon FIFOs.
[   10.506186] Loading iSCSI transport class v2.0-870.
         Starting Monitoring of LVM2 mirrors…ng dmeventd or progress polling...
[[0;32m  OK  [0m] Set up automount Arbitrary Executab…rmats File System Automount Point.
[[0;32m  OK  [0m] Started Remount Root and Kernel File Systems.
[[0;32m  OK  [0m] Mounted Huge Pages File System.
[[0;32m  OK  [0m] Mounted Kernel Debug File System.
[[0;32m  OK  [0m] Started Create list of required sta…vice nodes for the current kernel.
[[0;32m  OK  [0m] Started Uncomplicated firewall.
[[0;32m  OK  [0m] Mounted POSIX Message Queue File System.
[   10.591008] iscsi: registered transport (tcp)
         Starting Create Static Device Nodes in /dev...
         Starting Load/Save Random Seed...
[[0;32m  OK  [0m] Started Load/Save Random Seed.
[[0;32m  OK  [0m] Started Create Static Device Nodes in /dev.
         Starting udev Kernel Device Manager...
[[0;32m  OK  [0m] Started Journal Service.
         Starting Flush Journal to Persistent Storage...
[[0;32m  OK  [0m] Started LVM2 metadata daemon.
[[0;32m  OK  [0m] Started udev Kernel Device Manager.
[   10.828302] systemd-journald[410]: Received request to flush runtime journal from PID 1
[[0;32m  OK  [0m] Started udev Coldplug all Devices.
[   10.848952] iscsi: registered transport (iser)
[[0;32m  OK  [0m] Started Load Kernel Modules.
         Mounting FUSE Control File System...
         Starting Apply Kernel Variables...
         Mounting Kernel Configuration File System...
[[0;32m  OK  [0m] Mounted FUSE Control File System.
[[0;32m  OK  [0m] Mounted Kernel Configuration File System.
[[0;32m  OK  [0m] Started Monitoring of LVM2 mirrors,…sing dmeventd or progress polling.
[[0;32m  OK  [0m] Started Apply Kernel Variables.
[[0;32m  OK  [0m] Started Set the console keyboard layout.
[[0;32m  OK  [0m] Reached target Local File Systems (Pre).
[[0;32m  OK  [0m] Reached target Local File Systems.
         Starting ebtables ruleset management...
         Starting Set console font and keymap...
         Starting AppArmor initialization...
         Starting Tell Plymouth To Write Out Runtime Data...
[[0;32m  OK  [0m] Started Dispatch Password Requests to Console Directory Watch.
[[0;32m  OK  [0m] Reached target Local Encrypted Volumes.
[[0;32m  OK  [0m] Started Flush Journal to Persistent Storage.
         Starting Create Volatile Files and Directories...
[[0;32m  OK  [0m] Started Set console font and keymap.
[[0;32m  OK  [0m] Started Tell Plymouth To Write Out Runtime Data.
[[0;32m  OK  [0m] Started Create Volatile Files and Directories.
         Starting Update UTMP about System Boot/Shutdown...
[[0;32m  OK  [0m] Started Update UTMP about System Boot/Shutdown.
[[0;32m  OK  [0m] Started ebtables ruleset management.
[[0;32m  OK  [0m] Started AppArmor initialization.
         Starting Initial cloud-init job (pre-networking)...
         Starting Load AppArmor profiles managed internally by snapd...
[[0;32m  OK  [0m] Started Load AppArmor profiles managed internally by snapd.
[[0;32m  OK  [0m] Found device /dev/ttyS0.
[[0;32m  OK  [0m] Listening on Load/Save RF Kill Switch Status /dev/rfkill Watch.
[   13.780852] cloud-init[511]: Cloud-init v. 20.2-45-g5f7825e2-0ubuntu1~18.04.1 running 'init-local' at Sat, 03 Oct 2020 06:26:50 +0000. Up 13.37 seconds.
[[0;32m  OK  [0m] Started Initial cloud-init job (pre-networking).
[[0;32m  OK  [0m] Reached target Network (Pre).
         Starting Network Service...
[[0;32m  OK  [0m] Started Network Service.
         Starting Wait for Network to be Configured...
         Starting Network Name Resolution...
[[0;32m  OK  [0m] Started Network Name Resolution.
[[0;32m  OK  [0m] Reached target Host and Network Name Lookups.
[[0;32m  OK  [0m] Reached target Network.
[[0;32m  OK  [0m] Started Wait for Network to be Configured.
         Starting Initial cloud-init job (metadata service crawler)...
[   16.940453] cloud-init[665]: Cloud-init v. 20.2-45-g5f7825e2-0ubuntu1~18.04.1 running 'init' at Sat, 03 Oct 2020 06:26:53 +0000. Up 16.52 seconds.
[   16.944152] cloud-init[665]: ci-info: ++++++++++++++++++++++++++++++++++++++Net device info+++++++++++++++++++++++++++++++++++++++
[   16.947073] cloud-init[665]: ci-info: +--------+------+-----------------------------+---------------+--------+-------------------+
[   16.950018] cloud-init[665]: ci-info: | Device |  Up  |           Address           |      Mask     | Scope  |     Hw-Address    |
[   16.952897] cloud-init[665]: ci-info: +--------+------+-----------------------------+---------------+--------+-------------------+
[   16.956292] cloud-init[665]: ci-info: | enp0s3 | True |          10.0.2.15          | 255.255.255.0 | global | 02:27:36:10:00:0e |
[   16.959378] cloud-init[665]: ci-info: | enp0s3 | True |   fe80::27:36ff:fe10:e/64   |       .       |  link  | 02:27:36:10:00:0e |
[   16.962463] cloud-init[665]: ci-info: | enp0s8 | True |        192.168.56.120       | 255.255.255.0 | global | 08:00:27:c3:7b:f0 |
[   16.966221] cloud-init[665]: ci-info: | enp0s8 | True | fe80::a00:27ff:fec3:7bf0/64 |       .       |  link  | 08:00:27:c3:7b:f0 |
[   16.969786] cloud-init[665]: ci-info: |   lo   | True |          127.0.0.1          |   255.0.0.0   |  host  |         .         |
[   16.972855] cloud-init[665]: ci-info: |   lo   | True |           ::1/128           |       .       |  host  |         .         |
[   16.976320] cloud-init[665]: ci-info: +--------+------+-----------------------------+---------------+--------+-------------------+
[   16.978955] cloud-init[665]: ci-info: +++++++++++++++++++++++++++++Route IPv4 info+++++++++++++++++++++++++++++
[   16.981317] cloud-init[665]: ci-info: +-------+--------------+----------+-----------------+-----------+-------+
[   16.984002] cloud-init[665]: ci-info: | Route | Destination  | Gateway  |     Genmask     | Interface | Flags |
[   16.986207] cloud-init[665]: ci-info: +-------+--------------+----------+-----------------+-----------+-------+
[   16.996581] cloud-init[665]: ci-info: |   0   |   0.0.0.0    | 10.0.2.2 |     0.0.0.0     |   enp0s3  |   UG  |
[   16.999379] cloud-init[665]: ci-info: |   1   |   10.0.2.0   | 0.0.0.0  |  255.255.255.0  |   enp0s3  |   U   |
[   17.002322] cloud-init[665]: ci-info: |   2   |   10.0.2.2   | 0.0.0.0  | 255.255.255.255 |   enp0s3  |   UH  |
[   17.020441] cloud-init[665]: ci-info: |   3   | 192.168.56.0 | 0.0.0.0  |  255.255.255.0  |   enp0s8  |   U   |
[   17.023979] cloud-init[665]: ci-info: +-------+--------------+----------+-----------------+-----------+-------+
[   17.028823] cloud-init[665]: ci-info: +++++++++++++++++++Route IPv6 info+++++++++++++++++++
[   17.034478] cloud-init[665]: ci-info: +-------+-------------+---------+-----------+-------+
[   17.038285] cloud-init[665]: ci-info: | Route | Destination | Gateway | Interface | Flags |
[   17.040496] cloud-init[665]: ci-info: +-------+-------------+---------+-----------+-------+
[   17.042373] cloud-init[665]: ci-info: |   1   |  fe80::/64  |    ::   |   enp0s8  |   U   |
[   17.044486] cloud-init[665]: ci-info: |   2   |  fe80::/64  |    ::   |   enp0s3  |   U   |
[   17.046751] cloud-init[665]: ci-info: |   4   |    local    |    ::   |   enp0s3  |   U   |
[   17.049470] cloud-init[665]: ci-info: |   5   |    local    |    ::   |   enp0s8  |   U   |
[   17.051830] cloud-init[665]: ci-info: |   6   |   ff00::/8  |    ::   |   enp0s8  |   U   |
[   17.054347] cloud-init[665]: ci-info: |   7   |   ff00::/8  |    ::   |   enp0s3  |   U   |
[   17.056547] cloud-init[665]: ci-info: +-------+-------------+---------+-----------+-------+
[[0;32m  OK  [0m] Started Initial cloud-init job (metadata service crawler).
[[0;32m  OK  [0m] Reached target System Initialization.
[[0;32m  OK  [0m] Started Daily apt download activities.
         Starting Docker Socket for the API.
[[0;32m  OK  [0m] Listening on UUID daemon activation socket.
[[0;32m  OK  [0m] Listening on D-Bus System Message Bus Socket.
[[0;32m  OK  [0m] Started Discard unused blocks once a week.
[[0;32m  OK  [0m] Started Daily Cleanup of Temporary Directories.
[[0;32m  OK  [0m] Listening on ACPID Listen Socket.
[[0;32m  OK  [0m] Started ACPI Events Check.
         Starting Socket activation for snappy daemon.
[[0;32m  OK  [0m] Started Daily apt upgrade and clean activities.
[[0;32m  OK  [0m] Started Message of the Day.
[[0;32m  OK  [0m] Listening on Open-iSCSI iscsid Socket.
[[0;32m  OK  [0m] Reached target Paths.
         Starting LXD - unix socket.
[[0;32m  OK  [0m] Reached target Timers.
[[0;32m  OK  [0m] Reached target Cloud-config availability.
[[0;32m  OK  [0m] Reached target Network is Online.
[[0;32m  OK  [0m] Reached target Remote File Systems (Pre).
[[0;32m  OK  [0m] Reached target Remote File Systems.
         Starting Availability of block devices...
[[0;32m  OK  [0m] Listening on Docker Socket for the API.
[[0;32m  OK  [0m] Listening on Socket activation for snappy daemon.
[[0;32m  OK  [0m] Listening on LXD - unix socket.
[[0;32m  OK  [0m] Reached target Sockets.
[[0;32m  OK  [0m] Reached target Basic System.
         Starting Accounts Service...
         Starting containerd container runtime...
[[0;32m  OK  [0m] Started irqbalance daemon.
         Starting OpenBSD Secure Shell server...
         Starting Permit User Sessions...
         Starting LSB: Record successful boot for GRUB...
[[0;32m  OK  [0m] Started Regular background program processing daemon.
         Starting Dispatcher daemon for systemd-networkd...
[[0;32m  OK  [0m] Started FUSE filesystem for LXC.
         Starting Snap Daemon...
[[0;32m  OK  [0m] Started Deferred execution scheduler.
         Starting Ubuntu FAN network setup...
         Starting System Logging Service...
         Starting Login Service...
[[0;32m  OK  [0m] Started D-Bus System Message Bus.
[[0;32m  OK  [0m] Started Login Service.
[[0;32m  OK  [0m] Started Unattended Upgrades Shutdown.
         Starting Virtualbox guest utils...
         Starting LSB: automatic crash report generation...
         Starting LXD - container startup/shutdown...
[[0;32m  OK  [0m] Started System Logging Service.
[[0;32m  OK  [0m] Started Availability of block devices.
[[0;32m  OK  [0m] Started containerd container runtime.
[[0;32m  OK  [0m] Started Permit User Sessions.
         Starting Terminate Plymouth Boot Screen...
         Starting Hold until boot process finishes up...
[[0;32m  OK  [0m] Started Hold until boot process finishes up.
         Starting Set console scheme...
[[0;32m  OK  [0m] Started Serial Getty on ttyS0.
[[0;32m  OK  [0m] Started Terminate Plymouth Boot Screen.
[[0;32m  OK  [0m] Started OpenBSD Secure Shell server.
[[0;32m  OK  [0m] Started Set console scheme.
[[0;32m  OK  [0m] Created slice system-getty.slice.
[[0;32m  OK  [0m] Started Getty on tty1.
[[0;32m  OK  [0m] Reached target Login Prompts.
         Starting Authorization Manager...
[[0;32m  OK  [0m] Started LSB: Record successful boot for GRUB.
[[0;32m  OK  [0m] Started LSB: automatic crash report generation.
[[0;32m  OK  [0m] Started Authorization Manager.
[[0;32m  OK  [0m] Started Accounts Service.
[[0;32m  OK  [0m] Started Virtualbox guest utils.
[[0;32m  OK  [0m] Created slice User Slice of vagrant.
[[0;32m  OK  [0m] Started Dispatcher daemon for systemd-networkd.
[[0;32m  OK  [0m] Started Ubuntu FAN network setup.
[[0;32m  OK  [0m] Started Session 1 of user vagrant.
         Starting User Manager for UID 1000...
[[0;32m  OK  [0m] Started LXD - container startup/shutdown.
[[0;32m  OK  [0m] Started Snap Daemon.
         Starting Wait until snapd is fully seeded...
[[0;32m  OK  [0m] Started User Manager for UID 1000.
[[0;32m  OK  [0m] Started Wait until snapd is fully seeded.
         Starting Apply the settings specified in cloud-config...
[[0;32m  OK  [0m] Reached target Multi-User System.
[[0;32m  OK  [0m] Reached target Graphical Interface.
         Starting Update UTMP about System Runlevel Changes...
[[0;32m  OK  [0m] Started Update UTMP about System Runlevel Changes.
[   21.840204] cloud-init[1176]: Cloud-init v. 20.2-45-g5f7825e2-0ubuntu1~18.04.1 running 'modules:config' at Sat, 03 Oct 2020 06:26:58 +0000. Up 21.55 seconds.
[[0;32m  OK  [0m] Started Apply the settings specified in cloud-config.
         Starting Execute cloud user/final scripts...
[   23.807176] cloud-init[1278]: Cloud-init v. 20.2-45-g5f7825e2-0ubuntu1~18.04.1 running 'modules:final' at Sat, 03 Oct 2020 06:27:00 +0000. Up 23.42 seconds.
[   23.807395] cloud-init[1278]: Cloud-init v. 20.2-45-g5f7825e2-0ubuntu1~18.04.1 finished at Sat, 03 Oct 2020 06:27:00 +0000. Datasource DataSourceNoCloud [seed=/dev/sdb][dsmode=net].  Up 23.77 seconds

Ubuntu 18.04.4 LTS ubuntu-bionic ttyS0

ubuntu-bionic login: 